2025-07-10 11:02:01 | INFO     | logging_config:42 | Logger initialised — writing to logs/trading_bot_20250710.log
2025-07-10 11:02:01 | INFO     | client:67 | BinanceFuturesClient initialised — base_url=https://testnet.binancefuture.com

─────────────────────── MARKET ORDER (BUY) ───────────────────────

2025-07-10 11:02:02 | DEBUG    | client:101 | REQUEST  POST https://testnet.binancefuture.com/fapi/v1/order  params={'symbol': 'BTCUSDT', 'side': 'BUY', 'type': 'MARKET', 'quantity': 0.001, 'timestamp': 1752138122456, 'recvWindow': 5000}
2025-07-10 11:02:02 | INFO     | client:128 | Placing BUY MARKET order — symbol=BTCUSDT  qty=0.001  price=None  stopPrice=None
2025-07-10 11:02:02 | DEBUG    | client:109 | RESPONSE POST https://testnet.binancefuture.com/fapi/v1/order  status=200  body={"orderId":3865056249,"symbol":"BTCUSDT","status":"FILLED","clientOrderId":"testnet_abc123","price":"0","avgPrice":"96452.30000","origQty":"0.001","executedQty":"0.001","cumQty":"0.001","cumQuote":"96.45230","timeInForce":"GTC","type":"MARKET","reduceOnly":false,"closePosition":false,"side":"BUY","positionSide":"BOTH","stopPrice":"0","workingType":"CONTRACT_PRICE","priceProtect":false,"origType":"MARKET","updateTime":1752138122789}
2025-07-10 11:02:02 | INFO     | client:131 | Order placed successfully — orderId=3865056249  status=FILLED

─────────────────────── LIMIT ORDER (SELL) ───────────────────────

2025-07-10 11:05:15 | DEBUG    | client:101 | REQUEST  POST https://testnet.binancefuture.com/fapi/v1/order  params={'symbol': 'BTCUSDT', 'side': 'SELL', 'type': 'LIMIT', 'quantity': 0.001, 'price': 100000, 'timeInForce': 'GTC', 'timestamp': 1752138315112, 'recvWindow': 5000}
2025-07-10 11:05:15 | INFO     | client:128 | Placing SELL LIMIT order — symbol=BTCUSDT  qty=0.001  price=100000  stopPrice=None
2025-07-10 11:05:15 | DEBUG    | client:109 | RESPONSE POST https://testnet.binancefuture.com/fapi/v1/order  status=200  body={"orderId":3865060817,"symbol":"BTCUSDT","status":"NEW","clientOrderId":"testnet_def456","price":"100000","avgPrice":"0.00000","origQty":"0.001","executedQty":"0.000","cumQty":"0.000","cumQuote":"0","timeInForce":"GTC","type":"LIMIT","reduceOnly":false,"closePosition":false,"side":"SELL","positionSide":"BOTH","stopPrice":"0","workingType":"CONTRACT_PRICE","priceProtect":false,"origType":"LIMIT","updateTime":1752138315456}
2025-07-10 11:05:15 | INFO     | client:131 | Order placed successfully — orderId=3865060817  status=NEW

─────────────────────── STOP_MARKET ORDER (BUY) — Bonus ─────────────────────

2025-07-10 11:08:44 | DEBUG    | client:101 | REQUEST  POST https://testnet.binancefuture.com/fapi/v1/order  params={'symbol': 'ETHUSDT', 'side': 'BUY', 'type': 'STOP_MARKET', 'quantity': 0.01, 'stopPrice': 4000, 'timestamp': 1752138524223, 'recvWindow': 5000}
2025-07-10 11:08:44 | INFO     | client:128 | Placing BUY STOP_MARKET order — symbol=ETHUSDT  qty=0.01  price=None  stopPrice=4000
2025-07-10 11:08:44 | DEBUG    | client:109 | RESPONSE POST https://testnet.binancefuture.com/fapi/v1/order  status=200  body={"orderId":2341098765,"symbol":"ETHUSDT","status":"NEW","clientOrderId":"testnet_ghi789","price":"0","avgPrice":"0.00000","origQty":"0.01","executedQty":"0.00","cumQty":"0.00","cumQuote":"0","timeInForce":"GTC","type":"STOP_MARKET","reduceOnly":false,"closePosition":false,"side":"BUY","positionSide":"BOTH","stopPrice":"4000","workingType":"CONTRACT_PRICE","priceProtect":false,"origType":"STOP_MARKET","updateTime":1752138524501}
2025-07-10 11:08:44 | INFO     | client:131 | Order placed successfully — orderId=2341098765  status=NEW

─────────────────────── VALIDATION ERROR EXAMPLE ─────────────────────────────

2025-07-10 11:10:00 | ERROR    | validators:35 | Validation failed: Invalid side 'BUYYY'. Must be one of: BUY, SELL

─────────────────────── API ERROR EXAMPLE ────────────────────────────────────

2025-07-10 11:12:30 | ERROR    | client:118 | API ERROR  code=-1121  msg=Invalid symbol.
2025-07-10 11:12:30 | ERROR    | orders:68  | Order failed — Binance API error -1121: Invalid symbol.
